2015/12/31 10:14:39 Starting cygwin install, version 2.873
2015/12/31 10:14:39 User has backup/restore rights
2015/12/31 10:14:39 io_stream_cygfile: fopen(/etc/setup/setup.rc) failed 2 No such file or directory
2015/12/31 10:14:39 Current Directory: C:\Users\fforet\Downloads
2015/12/31 10:14:39 Could not open service McShield for query, start and stop. McAfee may not be installed, or we don't have access.
2015/12/31 10:14:50 source: download
2015/12/31 10:15:24 Selected local directory: C:\dev\repogit\navtool\gribtool
2015/12/31 10:15:30 net: Direct
2015/12/31 10:15:45 site: http://cygwin.mirror.constant.com/
2015/12/31 10:15:55 io_stream_cygfile: fopen(/etc/setup/installed.db) failed 2 No such file or directory
2015/12/31 10:15:57 io_stream_cygfile: fopen(/etc/setup/timestamp) failed 2 No such file or directory
2015/12/31 10:16:26 Adding required dependency bzip2: Selecting version 1.0.6-2 for installation.
2015/12/31 10:16:26 Adding required dependency ca-certificates: Selecting version 2.6-1 for installation.
2015/12/31 10:16:26 Adding required dependency groff: Selecting version 1.22.3-1 for installation.
2015/12/31 10:16:26 Adding required dependency less: Selecting version 481-1 for installation.
2015/12/31 10:16:26 Adding required dependency libargp: Selecting version 20110921-2 for installation.
2015/12/31 10:16:26 Adding required dependency libattr1: Selecting version 2.4.46-1 for installation.
2015/12/31 10:16:26 Adding required dependency libblkid1: Selecting version 2.25.2-2 for installation.
2015/12/31 10:16:26 Adding required dependency libbz2_1: Selecting version 1.0.6-2 for installation.
2015/12/31 10:16:26 Adding required dependency libffi6: Selecting version 3.2.1-2 for installation.
2015/12/31 10:16:26 Adding required dependency libgcc1: Selecting version 4.9.3-1 for installation.
2015/12/31 10:16:26 Adding required dependency libgdbm4: Selecting version 1.11-1 for installation.
2015/12/31 10:16:26 Adding required dependency libgmp10: Selecting version 6.1.0-2p1 for installation.
2015/12/31 10:16:26 Adding required dependency libiconv: Selecting version 1.14-3 for installation.
2015/12/31 10:16:26 Adding required dependency libiconv2: Selecting version 1.14-3 for installation.
2015/12/31 10:16:26 Adding required dependency libintl8: Selecting version 0.19.5.1-2 for installation.
2015/12/31 10:16:26 Adding required dependency liblzma5: Selecting version 5.2.2-1 for installation.
2015/12/31 10:16:26 Adding required dependency libmpfr4: Selecting version 3.1.3-1 for installation.
2015/12/31 10:16:26 Adding required dependency libncursesw10: Selecting version 6.0-1.20151017 for installation.
2015/12/31 10:16:26 Adding required dependency libp11-kit0: Selecting version 0.22.1-1 for installation.
2015/12/31 10:16:26 Adding required dependency libpcre1: Selecting version 8.37-2 for installation.
2015/12/31 10:16:26 Adding required dependency libpipeline1: Selecting version 1.4.0-1 for installation.
2015/12/31 10:16:26 Adding required dependency libpopt0: Selecting version 1.16-1 for installation.
2015/12/31 10:16:26 Adding required dependency libsmartcols1: Selecting version 2.25.2-2 for installation.
2015/12/31 10:16:26 Adding required dependency libstdc++6: Selecting version 4.9.3-1 for installation.
2015/12/31 10:16:26 Adding required dependency libtasn1_6: Selecting version 4.5-1 for installation.
2015/12/31 10:16:26 Adding required dependency libuuid1: Selecting version 2.25.2-2 for installation.
2015/12/31 10:16:26 Adding required dependency lynx: Selecting version 2.8.7-2 for installation.
2015/12/31 10:16:26 Adding required dependency p11-kit: Selecting version 0.22.1-1 for installation.
2015/12/31 10:16:26 Adding required dependency p11-kit-trust: Selecting version 0.22.1-1 for installation.
2015/12/31 10:16:26 Adding required dependency popt: Selecting version 1.16-1 for installation.
2015/12/31 10:16:26 Adding required dependency xz: Selecting version 5.2.2-1 for installation.
2015/12/31 10:16:26 Adding required dependency zlib0: Selecting version 1.2.8-3 for installation.
2015/12/31 10:16:26 Adding required dependency _update-info-dir: Selecting version 00506-1 for installation.
2015/12/31 10:16:28 Downloaded C:\dev\repogit\navtool\gribtool/http%3a%2f%2fcygwin.mirror.constant.com%2f/x86_64/release/_autorebase/_autorebase-001002-1.tar.xz
2015/12/31 10:16:28 Downloaded C:\dev\repogit\navtool\gribtool/http%3a%2f%2fcygwin.mirror.constant.com%2f/x86_64/release/_update-info-dir/_update-info-dir-00506-1.tar.bz2
2015/12/31 10:16:31 Downloaded C:\dev\repogit\navtool\gribtool/http%3a%2f%2fcygwin.mirror.constant.com%2f/x86_64/release/alternatives/alternatives-1.3.30c-10.tar.bz2
2015/12/31 10:16:32 Downloaded C:\dev\repogit\navtool\gribtool/http%3a%2f%2fcygwin.mirror.constant.com%2f/x86_64/release/base-cygwin/base-cygwin-3.8-1.tar.xz
2015/12/31 10:16:33 Downloaded C:\dev\repogit\navtool\gribtool/http%3a%2f%2fcygwin.mirror.constant.com%2f/x86_64/release/base-files/base-files-4.2-4.tar.xz
2015/12/31 10:16:38 Downloaded C:\dev\repogit\navtool\gribtool/http%3a%2f%2fcygwin.mirror.constant.com%2f/x86_64/release/bash/bash-4.3.42-4.tar.xz
2015/12/31 10:16:39 Downloaded C:\dev\repogit\navtool\gribtool/http%3a%2f%2fcygwin.mirror.constant.com%2f/x86_64/release/bzip2/bzip2-1.0.6-2.tar.bz2
2015/12/31 10:16:41 Downloaded C:\dev\repogit\navtool\gribtool/http%3a%2f%2fcygwin.mirror.constant.com%2f/x86_64/release/ca-certificates/ca-certificates-2.6-1.tar.xz
2015/12/31 10:16:51 Downloaded C:\dev\repogit\navtool\gribtool/http%3a%2f%2fcygwin.mirror.constant.com%2f/x86_64/release/coreutils/coreutils-8.24-3.tar.xz
2015/12/31 10:16:52 Downloaded C:\dev\repogit\navtool\gribtool/http%3a%2f%2fcygwin.mirror.constant.com%2f/x86_64/release/cygutils/cygutils-1.4.15-2.tar.xz
2015/12/31 10:17:02 Downloaded C:\dev\repogit\navtool\gribtool/http%3a%2f%2fcygwin.mirror.constant.com%2f/x86_64/release/cygwin/cygwin-2.3.1-1.tar.xz
2015/12/31 10:17:03 Downloaded C:\dev\repogit\navtool\gribtool/http%3a%2f%2fcygwin.mirror.constant.com%2f/x86_64/release/dash/dash-0.5.8-3.tar.xz
2015/12/31 10:17:04 Downloaded C:\dev\repogit\navtool\gribtool/http%3a%2f%2fcygwin.mirror.constant.com%2f/x86_64/release/editrights/editrights-1.03-1.tar.xz
2015/12/31 10:17:06 Downloaded C:\dev\repogit\navtool\gribtool/http%3a%2f%2fcygwin.mirror.constant.com%2f/x86_64/release/file/file-5.24-1.tar.xz
2015/12/31 10:17:09 Downloaded C:\dev\repogit\navtool\gribtool/http%3a%2f%2fcygwin.mirror.constant.com%2f/x86_64/release/findutils/findutils-4.5.12-1.tar.xz
2015/12/31 10:17:15 Downloaded C:\dev\repogit\navtool\gribtool/http%3a%2f%2fcygwin.mirror.constant.com%2f/x86_64/release/gawk/gawk-4.1.3-1.tar.xz
2015/12/31 10:17:15 Downloaded C:\dev\repogit\navtool\gribtool/http%3a%2f%2fcygwin.mirror.constant.com%2f/x86_64/release/getent/getent-2.18.90-4.tar.xz
2015/12/31 10:17:17 Downloaded C:\dev\repogit\navtool\gribtool/http%3a%2f%2fcygwin.mirror.constant.com%2f/x86_64/release/grep/grep-2.21-2.tar.xz
2015/12/31 10:17:24 Downloaded C:\dev\repogit\navtool\gribtool/http%3a%2f%2fcygwin.mirror.constant.com%2f/x86_64/release/groff/groff-1.22.3-1.tar.xz
2015/12/31 10:17:26 Downloaded C:\dev\repogit\navtool\gribtool/http%3a%2f%2fcygwin.mirror.constant.com%2f/x86_64/release/gzip/gzip-1.6-1.tar.xz
2015/12/31 10:17:26 Downloaded C:\dev\repogit\navtool\gribtool/http%3a%2f%2fcygwin.mirror.constant.com%2f/x86_64/release/hostname/hostname-3.13-1.tar.bz2
2015/12/31 10:17:29 Downloaded C:\dev\repogit\navtool\gribtool/http%3a%2f%2fcygwin.mirror.constant.com%2f/x86_64/release/texinfo/info/info-6.0-1.tar.xz
2015/12/31 10:17:29 Downloaded C:\dev\repogit\navtool\gribtool/http%3a%2f%2fcygwin.mirror.constant.com%2f/x86_64/release/ipc-utils/ipc-utils-1.0-2.tar.bz2
2015/12/31 10:17:31 Downloaded C:\dev\repogit\navtool\gribtool/http%3a%2f%2fcygwin.mirror.constant.com%2f/x86_64/release/less/less-481-1.tar.xz
2015/12/31 10:17:32 Downloaded C:\dev\repogit\navtool\gribtool/http%3a%2f%2fcygwin.mirror.constant.com%2f/x86_64/release/libargp/libargp-20110921-2.tar.bz2
2015/12/31 10:17:32 Downloaded C:\dev\repogit\navtool\gribtool/http%3a%2f%2fcygwin.mirror.constant.com%2f/x86_64/release/attr/libattr1/libattr1-2.4.46-1.tar.bz2
2015/12/31 10:17:33 Downloaded C:\dev\repogit\navtool\gribtool/http%3a%2f%2fcygwin.mirror.constant.com%2f/x86_64/release/util-linux/libblkid1/libblkid1-2.25.2-2.tar.xz
2015/12/31 10:17:34 Downloaded C:\dev\repogit\navtool\gribtool/http%3a%2f%2fcygwin.mirror.constant.com%2f/x86_64/release/bzip2/libbz2_1/libbz2_1-1.0.6-2.tar.bz2
2015/12/31 10:17:35 Downloaded C:\dev\repogit\navtool\gribtool/http%3a%2f%2fcygwin.mirror.constant.com%2f/x86_64/release/libffi/libffi6/libffi6-3.2.1-2.tar.xz
2015/12/31 10:17:36 Downloaded C:\dev\repogit\navtool\gribtool/http%3a%2f%2fcygwin.mirror.constant.com%2f/x86_64/release/gcc/libgcc1/libgcc1-4.9.3-1.tar.xz
2015/12/31 10:17:37 Downloaded C:\dev\repogit\navtool\gribtool/http%3a%2f%2fcygwin.mirror.constant.com%2f/x86_64/release/gdbm/libgdbm4/libgdbm4-1.11-1.tar.xz
2015/12/31 10:17:39 Downloaded C:\dev\repogit\navtool\gribtool/http%3a%2f%2fcygwin.mirror.constant.com%2f/x86_64/release/gmp/libgmp10/libgmp10-6.1.0-2p1.tar.xz
2015/12/31 10:17:40 Downloaded C:\dev\repogit\navtool\gribtool/http%3a%2f%2fcygwin.mirror.constant.com%2f/x86_64/release/libiconv/libiconv-1.14-3.tar.xz
2015/12/31 10:17:44 Downloaded C:\dev\repogit\navtool\gribtool/http%3a%2f%2fcygwin.mirror.constant.com%2f/x86_64/release/libiconv/libiconv2/libiconv2-1.14-3.tar.xz
2015/12/31 10:17:44 Downloaded C:\dev\repogit\navtool\gribtool/http%3a%2f%2fcygwin.mirror.constant.com%2f/x86_64/release/gettext/libintl8/libintl8-0.19.5.1-2.tar.xz
2015/12/31 10:17:46 Downloaded C:\dev\repogit\navtool\gribtool/http%3a%2f%2fcygwin.mirror.constant.com%2f/x86_64/release/xz/liblzma5/liblzma5-5.2.2-1.tar.xz
2015/12/31 10:17:47 Downloaded C:\dev\repogit\navtool\gribtool/http%3a%2f%2fcygwin.mirror.constant.com%2f/x86_64/release/mpfr/libmpfr4/libmpfr4-3.1.3-1.tar.xz
2015/12/31 10:17:49 Downloaded C:\dev\repogit\navtool\gribtool/http%3a%2f%2fcygwin.mirror.constant.com%2f/x86_64/release/ncurses/libncursesw10/libncursesw10-6.0-1.20151017.tar.xz
2015/12/31 10:17:56 Downloaded C:\dev\repogit\navtool\gribtool/http%3a%2f%2fcygwin.mirror.constant.com%2f/x86_64/release/openssl/libopenssl100/libopenssl100-1.0.2e-1.tar.xz
2015/12/31 10:17:58 Downloaded C:\dev\repogit\navtool\gribtool/http%3a%2f%2fcygwin.mirror.constant.com%2f/x86_64/release/p11-kit/libp11-kit0/libp11-kit0-0.22.1-1.tar.xz
2015/12/31 10:17:59 Downloaded C:\dev\repogit\navtool\gribtool/http%3a%2f%2fcygwin.mirror.constant.com%2f/x86_64/release/pcre/libpcre1/libpcre1-8.37-2.tar.xz
2015/12/31 10:18:00 Downloaded C:\dev\repogit\navtool\gribtool/http%3a%2f%2fcygwin.mirror.constant.com%2f/x86_64/release/libpipeline/libpipeline1/libpipeline1-1.4.0-1.tar.xz
2015/12/31 10:18:00 Downloaded C:\dev\repogit\navtool\gribtool/http%3a%2f%2fcygwin.mirror.constant.com%2f/x86_64/release/popt/libpopt0/libpopt0-1.16-1.tar.xz
2015/12/31 10:18:02 Downloaded C:\dev\repogit\navtool\gribtool/http%3a%2f%2fcygwin.mirror.constant.com%2f/x86_64/release/readline/libreadline7/libreadline7-6.3.8-1.tar.xz
2015/12/31 10:18:03 Downloaded C:\dev\repogit\navtool\gribtool/http%3a%2f%2fcygwin.mirror.constant.com%2f/x86_64/release/util-linux/libsmartcols1/libsmartcols1-2.25.2-2.tar.xz
2015/12/31 10:18:04 Downloaded C:\dev\repogit\navtool\gribtool/http%3a%2f%2fcygwin.mirror.constant.com%2f/x86_64/release/gcc/libstdc++6/libstdc++6-4.9.3-1.tar.xz
2015/12/31 10:18:05 Downloaded C:\dev\repogit\navtool\gribtool/http%3a%2f%2fcygwin.mirror.constant.com%2f/x86_64/release/libtasn1/libtasn1_6/libtasn1_6-4.5-1.tar.xz
2015/12/31 10:18:06 Downloaded C:\dev\repogit\navtool\gribtool/http%3a%2f%2fcygwin.mirror.constant.com%2f/x86_64/release/util-linux/libuuid1/libuuid1-2.25.2-2.tar.xz
2015/12/31 10:18:07 Downloaded C:\dev\repogit\navtool\gribtool/http%3a%2f%2fcygwin.mirror.constant.com%2f/x86_64/release/login/login-1.11-1.tar.xz
2015/12/31 10:18:16 Downloaded C:\dev\repogit\navtool\gribtool/http%3a%2f%2fcygwin.mirror.constant.com%2f/x86_64/release/lynx/lynx-2.8.7-2.tar.bz2
2015/12/31 10:18:19 Downloaded C:\dev\repogit\navtool\gribtool/http%3a%2f%2fcygwin.mirror.constant.com%2f/x86_64/release/man-db/man-db-2.7.4-1.tar.xz
2015/12/31 10:18:21 Downloaded C:\dev\repogit\navtool\gribtool/http%3a%2f%2fcygwin.mirror.constant.com%2f/x86_64/release/mintty/mintty-2.2.2-0.tar.xz
2015/12/31 10:18:25 Downloaded C:\dev\repogit\navtool\gribtool/http%3a%2f%2fcygwin.mirror.constant.com%2f/x86_64/release/openssl/openssl-1.0.2e-1.tar.xz
2015/12/31 10:18:26 Downloaded C:\dev\repogit\navtool\gribtool/http%3a%2f%2fcygwin.mirror.constant.com%2f/x86_64/release/p11-kit/p11-kit-0.22.1-1.tar.xz
2015/12/31 10:18:27 Downloaded C:\dev\repogit\navtool\gribtool/http%3a%2f%2fcygwin.mirror.constant.com%2f/x86_64/release/p11-kit/p11-kit-trust/p11-kit-trust-0.22.1-1.tar.xz
2015/12/31 10:18:29 Downloaded C:\dev\repogit\navtool\gribtool/http%3a%2f%2fcygwin.mirror.constant.com%2f/x86_64/release/popt/popt-1.16-1.tar.xz
2015/12/31 10:18:33 Downloaded C:\dev\repogit\navtool\gribtool/http%3a%2f%2fcygwin.mirror.constant.com%2f/x86_64/release/rebase/rebase-4.4.1-1.tar.bz2
2015/12/31 10:18:34 Downloaded C:\dev\repogit\navtool\gribtool/http%3a%2f%2fcygwin.mirror.constant.com%2f/x86_64/release/run/run-1.3.4-2.tar.xz
2015/12/31 10:18:37 Downloaded C:\dev\repogit\navtool\gribtool/http%3a%2f%2fcygwin.mirror.constant.com%2f/x86_64/release/sed/sed-4.2.2-3.tar.bz2
2015/12/31 10:18:42 Downloaded C:\dev\repogit\navtool\gribtool/http%3a%2f%2fcygwin.mirror.constant.com%2f/x86_64/release/tar/tar-1.28-1.tar.xz
2015/12/31 10:18:44 Downloaded C:\dev\repogit\navtool\gribtool/http%3a%2f%2fcygwin.mirror.constant.com%2f/x86_64/release/ncurses/terminfo/terminfo-6.0-1.20151017.tar.xz
2015/12/31 10:18:46 Downloaded C:\dev\repogit\navtool\gribtool/http%3a%2f%2fcygwin.mirror.constant.com%2f/x86_64/release/tzcode/tzcode-2015g-1.tar.xz
2015/12/31 10:18:52 Downloaded C:\dev\repogit\navtool\gribtool/http%3a%2f%2fcygwin.mirror.constant.com%2f/x86_64/release/util-linux/util-linux-2.25.2-2.tar.xz
2015/12/31 10:18:55 Downloaded C:\dev\repogit\navtool\gribtool/http%3a%2f%2fcygwin.mirror.constant.com%2f/x86_64/release/vim/vim-minimal/vim-minimal-7.4.891-1.tar.xz
2015/12/31 10:18:57 Downloaded C:\dev\repogit\navtool\gribtool/http%3a%2f%2fcygwin.mirror.constant.com%2f/x86_64/release/which/which-2.20-2.tar.bz2
2015/12/31 10:19:00 Downloaded C:\dev\repogit\navtool\gribtool/http%3a%2f%2fcygwin.mirror.constant.com%2f/x86_64/release/xz/xz-5.2.2-1.tar.xz
2015/12/31 10:19:01 Downloaded C:\dev\repogit\navtool\gribtool/http%3a%2f%2fcygwin.mirror.constant.com%2f/x86_64/release/zlib/zlib0/zlib0-1.2.8-3.tar.xz
2015/12/31 10:20:06 note: Download Complete
2015/12/31 10:20:06 Ending cygwin install
